<?xml version="1.0" encoding="UTF-8"?>
<!-- Generated by org.testng.reporters.JUnitXMLReporter -->
<testsuite hostname="DESKTOP-LDOSFJT" ignored="0" name="Surefire test" tests="2" failures="0" timestamp="05 Feb 2022 23:47:19 GMT" time="32.357" errors="0">
  <testcase name="runScenario" time="15.589" classname="cucumber.api.testng.AbstractTestNGCucumberTests"/>
  <testcase name="runScenario" time="15.984" classname="cucumber.api.testng.AbstractTestNGCucumberTests"/>
</testsuite> <!-- Surefire test -->
