<?xml version="1.0" encoding="UTF-8"?>
<testng-results skipped="0" failed="0" ignored="0" total="2" passed="2">
  <reporter-output>
    <line>
      <![CDATA[<div "result">i navigate to the &quot;Home&quot; page (PASSED : 9s)</div>]]>
    </line>
    <line>
      <![CDATA[<div "result">I enter email id &quot;msudhirvarma@gmail.com&quot; and password &quot;incorrectPassword&quot; (PASSED : 0s)</div>]]>
    </line>
    <line>
      <![CDATA[<div "result">I click on login button (PASSED : 0s)</div>]]>
    </line>
    <line>
      <![CDATA[<div "result">Login error should be displayed. (PASSED : 3s)</div>]]>
    </line>
    <line>
      <![CDATA[<div "result">i navigate to the &quot;Home&quot; page (PASSED : 5s)</div>]]>
    </line>
    <line>
      <![CDATA[<div "result">I enter email id &quot;msudhirvarma@gmail.com&quot; and password &quot;correctPassword15&quot; (PASSED : 0s)</div>]]>
    </line>
    <line>
      <![CDATA[<div "result">I click on login button (PASSED : 0s)</div>]]>
    </line>
    <line>
      <![CDATA[<div "result">Login page should be displayed. (PASSED : 5s)</div>]]>
    </line>
  </reporter-output>
  <suite name="Surefire suite" duration-ms="32357" started-at="2022-02-05T23:46:46Z" finished-at="2022-02-05T23:47:19Z">
    <groups>
      <group name="cucumber">
        <method signature="AbstractTestNGCucumberTests.runScenario(cucumber.api.testng.PickleEventWrapper, cucumber.api.testng.CucumberFeatureWrapper)[pri:0, instance:com.hudl.test.stepsFiles.Runner@26be92ad]" name="runScenario" class="cucumber.api.testng.AbstractTestNGCucumberTests"/>
      </group> <!-- cucumber -->
    </groups>
    <test name="Surefire test" duration-ms="32357" started-at="2022-02-05T23:46:46Z" finished-at="2022-02-05T23:47:19Z">
      <class name="com.hudl.test.stepsFiles.Runner">
        <test-method status="PASS" signature="setUpClass()[pri:0, instance:com.hudl.test.stepsFiles.Runner@26be92ad]" name="setUpClass" is-config="true" duration-ms="578" started-at="2022-02-05T23:46:47Z" finished-at="2022-02-05T23:46:47Z">
          <reporter-output>
          </reporter-output>
        </test-method> <!-- setUpClass -->
        <test-method status="PASS" signature="runScenario(cucumber.api.testng.PickleEventWrapper, cucumber.api.testng.CucumberFeatureWrapper)[pri:0, instance:com.hudl.test.stepsFiles.Runner@26be92ad]" name="runScenario" duration-ms="15589" started-at="2022-02-05T23:46:47Z" description="Runs Cucumber Scenarios" data-provider="scenarios" finished-at="2022-02-05T23:47:03Z">
          <params>
            <param index="0">
              <value>
                <![CDATA["Invalid login scenario"]]>
              </value>
            </param>
            <param index="1">
              <value>
                <![CDATA["Login functionality"]]>
              </value>
            </param>
          </params>
          <reporter-output>
            <line>
              <![CDATA[<div "result">i navigate to the &quot;Home&quot; page (PASSED : 9s)</div>]]>
            </line>
            <line>
              <![CDATA[<div "result">I enter email id &quot;msudhirvarma@gmail.com&quot; and password &quot;incorrectPassword&quot; (PASSED : 0s)</div>]]>
            </line>
            <line>
              <![CDATA[<div "result">I click on login button (PASSED : 0s)</div>]]>
            </line>
            <line>
              <![CDATA[<div "result">Login error should be displayed. (PASSED : 3s)</div>]]>
            </line>
          </reporter-output>
        </test-method> <!-- runScenario -->
        <test-method status="PASS" signature="runScenario(cucumber.api.testng.PickleEventWrapper, cucumber.api.testng.CucumberFeatureWrapper)[pri:0, instance:com.hudl.test.stepsFiles.Runner@26be92ad]" name="runScenario" duration-ms="15984" started-at="2022-02-05T23:47:03Z" description="Runs Cucumber Scenarios" data-provider="scenarios" finished-at="2022-02-05T23:47:19Z">
          <params>
            <param index="0">
              <value>
                <![CDATA["valid login scenario"]]>
              </value>
            </param>
            <param index="1">
              <value>
                <![CDATA["Login functionality"]]>
              </value>
            </param>
          </params>
          <reporter-output>
            <line>
              <![CDATA[<div "result">i navigate to the &quot;Home&quot; page (PASSED : 5s)</div>]]>
            </line>
            <line>
              <![CDATA[<div "result">I enter email id &quot;msudhirvarma@gmail.com&quot; and password &quot;correctPassword15&quot; (PASSED : 0s)</div>]]>
            </line>
            <line>
              <![CDATA[<div "result">I click on login button (PASSED : 0s)</div>]]>
            </line>
            <line>
              <![CDATA[<div "result">Login page should be displayed. (PASSED : 5s)</div>]]>
            </line>
          </reporter-output>
        </test-method> <!-- runScenario -->
        <test-method status="PASS" signature="tearDownClass()[pri:0, instance:com.hudl.test.stepsFiles.Runner@26be92ad]" name="tearDownClass" is-config="true" duration-ms="64" started-at="2022-02-05T23:47:19Z" finished-at="2022-02-05T23:47:19Z">
          <reporter-output>
          </reporter-output>
        </test-method> <!-- tearDownClass -->
      </class> <!-- com.hudl.test.stepsFiles.Runner -->
    </test> <!-- Surefire test -->
  </suite> <!-- Surefire suite -->
</testng-results>
